<?xml version="1.0" encoding="UTF-8"?>
<Site BuildName="Linux-g++"
	BuildStamp="20231120-1554-Experimental"
	Name="codespaces-3079b5"
	Generator="ctest-3.18.4"
	CompilerName="/usr/bin/g++"
	CompilerVersion="10.2.1"
	OSName="Linux"
	Hostname="codespaces-3079b5"
	OSRelease="6.2.0-1016-azure"
	OSVersion="#16~22.04.1-Ubuntu SMP Tue Oct 10 17:11:51 UTC 2023"
	OSPlatform="x86_64"
	Is64Bits="1"
	VendorString="AuthenticAMD"
	VendorID="Advanced Micro Devices"
	FamilyID="25"
	ModelID="1"
	ProcessorCacheSize="512"
	NumberOfLogicalCPU="2"
	NumberOfPhysicalCPU="1"
	TotalVirtualMemory="0"
	TotalPhysicalMemory="7929"
	LogicalProcessorsPerPhysical="2"
	ProcessorClockFrequency="3243.58"
	>
	<Testing>
		<StartDateTime>Nov 20 16:43 UTC</StartDateTime>
		<StartTestTime>1700498626</StartTestTime>
		<TestList/>
		<EndDateTime>Nov 20 16:43 UTC</EndDateTime>
		<EndTestTime>1700498626</EndTestTime>
		<ElapsedMinutes>0</ElapsedMinutes>
	</Testing>
</Site>
